<html>
<head>
<title>TestNG:  Surefire test</title>
<link href="../testng.css" rel="stylesheet" type="text/css" />
<link href="../my-testng.css" rel="stylesheet" type="text/css" />

<style type="text/css">
.log { display: none;} 
.stack-trace { display: none;} 
</style>
<script type="text/javascript">
<!--
function flip(e) {
  current = e.style.display;
  if (current == 'block') {
    e.style.display = 'none';
    return 0;
  }
  else {
    e.style.display = 'block';
    return 1;
  }
}

function toggleBox(szDivId, elem, msg1, msg2)
{
  var res = -1;  if (document.getElementById) {
    res = flip(document.getElementById(szDivId));
  }
  else if (document.all) {
    // this is the way old msie versions work
    res = flip(document.all[szDivId]);
  }
  if(elem) {
    if(res == 0) elem.innerHTML = msg1; else elem.innerHTML = msg2;
  }

}

function toggleAllBoxes() {
  if (document.getElementsByTagName) {
    d = document.getElementsByTagName('div');
    for (i = 0; i < d.length; i++) {
      if (d[i].className == 'log') {
        flip(d[i]);
      }
    }
  }
}

// -->
</script>

</head>
<body>
<h2 align='center'>Surefire test</h2><table border='1' align="center">
<tr>
<td>Tests passed/Failed/Skipped:</td><td>15/1/0</td>
</tr><tr>
<td>Started on:</td><td>Thu Apr 20 23:52:06 EDT 2023</td>
</tr>
<tr><td>Total time:</td><td>140 seconds (140195 ms)</td>
</tr><tr>
<td>Included groups:</td><td></td>
</tr><tr>
<td>Excluded groups:</td><td></td>
</tr>
</table><p/>
<small><i>(Hover the method name to see the test class name)</i></small><p/>
<table width='100%' border='1' class='invocation-failed'>
<tr><td colspan='4' align='center'><b>FAILED TESTS</b></td></tr>
<tr><td><b>Test method</b></td>
<td width="30%"><b>Exception</b></td>
<td width="10%"><b>Time (seconds)</b></td>
<td><b>Instance</b></td>
</tr>
<tr>
<td title='com_TN_Frameeworkdesign.RegisterTest.verifyRegisterAccountWithEmptyPasswordTextbox()'><b>verifyRegisterAccountWithEmptyPasswordTextbox</b><br>Test class: com_TN_Frameeworkdesign.RegisterTest</td>
<td><div><pre>org.openqa.selenium.NoSuchElementException: no such element: Unable to locate element: {&quot;method&quot;:&quot;xpath&quot;,&quot;selector&quot;:&quot;//*[@id=&quot;account&quot;]/div[4]/div/div&quot;}
  (Session info: chrome=111.0.5563.149)
For documentation on this error, please visit: https://selenium.dev/exceptions/#no_such_element
Build info: version: &apos;4.7.2&apos;, revision: &apos;4d4020c3b7&apos;
System info: os.name: &apos;Windows 11&apos;, os.arch: &apos;amd64&apos;, os.version: &apos;10.0&apos;, java.version: &apos;1.8.0_341&apos;
Driver info: org.openqa.selenium.chrome.ChromeDriver
Command: [d7663bc35b2f361d0e42c78e4995233a, findElement {using=xpath, value=//*[@id=&quot;account&quot;]/div[4]/div/div}]
Capabilities {acceptInsecureCerts: false, browserName: chrome, browserVersion: 111.0.5563.149, chrome: {chromedriverVersion: 111.0.5563.64 (c710e93d5b63..., userDataDir: C:\Users\medbo\AppData\Loca...}, goog:chromeOptions: {debuggerAddress: localhost:59952}, networkConnectionEnabled: false, pageLoadStrategy: normal, platformName: WINDOWS, proxy: Proxy(), se:cdp: ws://localhost:59952/devtoo..., se:cdpVersion: 111.0.5563.149, setWindowRect: true, strictFileInteractability: false, timeouts: {implicit: 0, pageLoad: 300000, script: 30000}, unhandledPromptBehavior: dismiss and notify, webauthn:extension:credBlob: true, webauthn:extension:largeBlob: true, webauthn:extension:minPinLength: true, webauthn:extension:prf: true, webauthn:virtualAuthenticators: true}
Session ID: d7663bc35b2f361d0e42c78e4995233a
	at org.openqa.selenium.remote.codec.w3c.W3CHttpResponseCodec.createException(W3CHttpResponseCodec.java:200)
	at org.openqa.selenium.remote.codec.w3c.W3CHttpResponseCodec.decode(W3CHttpResponseCodec.java:133)
	at org.openqa.selenium.remote.codec.w3c.W3CHttpResponseCodec.decode(W3CHttpResponseCodec.java:53)
	at org.openqa.selenium.remote.HttpCommandExecutor.execute(HttpCommandExecutor.java:184)
	at org.openqa.selenium.remote.service.DriverCommandExecutor.invokeExecute(DriverCommandExecutor.java:167)
	at org.openqa.selenium.remote.service.DriverCommandExecutor.execute(DriverCommandExecutor.java:142)
	at org.openqa.selenium.remote.RemoteWebDriver.execute(RemoteWebDriver.java:535)
	at org.openqa.selenium.remote.ElementLocation$ElementFinder$2.findElement(ElementLocation.java:162)
	at org.openqa.selenium.remote.ElementLocation.findElement(ElementLocation.java:60)
	at org.openqa.selenium.remote.RemoteWebDriver.findElement(RemoteWebDriver.java:351)
	at org.openqa.selenium.remote.RemoteWebDriver.findElement(RemoteWebDriver.java:343)
	at com_TN_Frameeworkdesign.RegisterTest.verifyRegisterAccountWithEmptyPasswordTextbox(RegisterTest.java:110)
	at java.util.ArrayList.forEach(ArrayList.java:1259)
... Removed 36 stack frames</pre></div><a href='#' onClick='toggleBox("stack-trace1589640004", this, "Click to show all stack frames", "Click to hide stack frames")'>Click to show all stack frames</a>
<div class='stack-trace' id='stack-trace1589640004'><pre>org.openqa.selenium.NoSuchElementException: no such element: Unable to locate element: {&quot;method&quot;:&quot;xpath&quot;,&quot;selector&quot;:&quot;//*[@id=&quot;account&quot;]/div[4]/div/div&quot;}
  (Session info: chrome=111.0.5563.149)
For documentation on this error, please visit: https://selenium.dev/exceptions/#no_such_element
Build info: version: &apos;4.7.2&apos;, revision: &apos;4d4020c3b7&apos;
System info: os.name: &apos;Windows 11&apos;, os.arch: &apos;amd64&apos;, os.version: &apos;10.0&apos;, java.version: &apos;1.8.0_341&apos;
Driver info: org.openqa.selenium.chrome.ChromeDriver
Command: [d7663bc35b2f361d0e42c78e4995233a, findElement {using=xpath, value=//*[@id=&quot;account&quot;]/div[4]/div/div}]
Capabilities {acceptInsecureCerts: false, browserName: chrome, browserVersion: 111.0.5563.149, chrome: {chromedriverVersion: 111.0.5563.64 (c710e93d5b63..., userDataDir: C:\Users\medbo\AppData\Loca...}, goog:chromeOptions: {debuggerAddress: localhost:59952}, networkConnectionEnabled: false, pageLoadStrategy: normal, platformName: WINDOWS, proxy: Proxy(), se:cdp: ws://localhost:59952/devtoo..., se:cdpVersion: 111.0.5563.149, setWindowRect: true, strictFileInteractability: false, timeouts: {implicit: 0, pageLoad: 300000, script: 30000}, unhandledPromptBehavior: dismiss and notify, webauthn:extension:credBlob: true, webauthn:extension:largeBlob: true, webauthn:extension:minPinLength: true, webauthn:extension:prf: true, webauthn:virtualAuthenticators: true}
Session ID: d7663bc35b2f361d0e42c78e4995233a
	at sun.reflect.NativeConstructorAccessorImpl.newInstance0(Native Method)
	at sun.reflect.NativeConstructorAccessorImpl.newInstance(NativeConstructorAccessorImpl.java:62)
	at sun.reflect.DelegatingConstructorAccessorImpl.newInstance(DelegatingConstructorAccessorImpl.java:45)
	at java.lang.reflect.Constructor.newInstance(Constructor.java:423)
	at org.openqa.selenium.remote.codec.w3c.W3CHttpResponseCodec.createException(W3CHttpResponseCodec.java:200)
	at org.openqa.selenium.remote.codec.w3c.W3CHttpResponseCodec.decode(W3CHttpResponseCodec.java:133)
	at org.openqa.selenium.remote.codec.w3c.W3CHttpResponseCodec.decode(W3CHttpResponseCodec.java:53)
	at org.openqa.selenium.remote.HttpCommandExecutor.execute(HttpCommandExecutor.java:184)
	at org.openqa.selenium.remote.service.DriverCommandExecutor.invokeExecute(DriverCommandExecutor.java:167)
	at org.openqa.selenium.remote.service.DriverCommandExecutor.execute(DriverCommandExecutor.java:142)
	at org.openqa.selenium.remote.RemoteWebDriver.execute(RemoteWebDriver.java:535)
	at org.openqa.selenium.remote.ElementLocation$ElementFinder$2.findElement(ElementLocation.java:162)
	at org.openqa.selenium.remote.ElementLocation.findElement(ElementLocation.java:60)
	at org.openqa.selenium.remote.RemoteWebDriver.findElement(RemoteWebDriver.java:351)
	at org.openqa.selenium.remote.RemoteWebDriver.findElement(RemoteWebDriver.java:343)
	at com_TN_Frameeworkdesign.RegisterTest.verifyRegisterAccountWithEmptyPasswordTextbox(RegisterTest.java:110)
	at sun.reflect.NativeMethodAccessorImpl.invoke0(Native Method)
	at sun.reflect.NativeMethodAccessorImpl.invoke(NativeMethodAccessorImpl.java:62)
	at sun.reflect.DelegatingMethodAccessorImpl.invoke(DelegatingMethodAccessorImpl.java:43)
	at java.lang.reflect.Method.invoke(Method.java:498)
	at org.testng.internal.MethodInvocationHelper.invokeMethod(MethodInvocationHelper.java:133)
	at org.testng.internal.TestInvoker.invokeMethod(TestInvoker.java:598)
	at org.testng.internal.TestInvoker.invokeTestMethod(TestInvoker.java:173)
	at org.testng.internal.MethodRunner.runInSequence(MethodRunner.java:46)
	at org.testng.internal.TestInvoker$MethodInvocationAgent.invoke(TestInvoker.java:824)
	at org.testng.internal.TestInvoker.invokeTestMethods(TestInvoker.java:146)
	at org.testng.internal.TestMethodWorker.invokeTestMethods(TestMethodWorker.java:146)
	at org.testng.internal.TestMethodWorker.run(TestMethodWorker.java:128)
	at java.util.ArrayList.forEach(ArrayList.java:1259)
	at org.testng.TestRunner.privateRun(TestRunner.java:794)
	at org.testng.TestRunner.run(TestRunner.java:596)
	at org.testng.SuiteRunner.runTest(SuiteRunner.java:377)
	at org.testng.SuiteRunner.runSequentially(SuiteRunner.java:371)
	at org.testng.SuiteRunner.privateRun(SuiteRunner.java:332)
	at org.testng.SuiteRunner.run(SuiteRunner.java:276)
	at org.testng.SuiteRunnerWorker.runSuite(SuiteRunnerWorker.java:53)
	at org.testng.SuiteRunnerWorker.run(SuiteRunnerWorker.java:96)
	at org.testng.TestNG.runSuitesSequentially(TestNG.java:1212)
	at org.testng.TestNG.runSuitesLocally(TestNG.java:1134)
	at org.testng.TestNG.runSuites(TestNG.java:1063)
	at org.testng.TestNG.run(TestNG.java:1031)
	at org.apache.maven.surefire.testng.TestNGExecutor.run(TestNGExecutor.java:135)
	at org.apache.maven.surefire.testng.TestNGDirectoryTestSuite.executeMulti(TestNGDirectoryTestSuite.java:193)
	at org.apache.maven.surefire.testng.TestNGDirectoryTestSuite.execute(TestNGDirectoryTestSuite.java:94)
	at org.apache.maven.surefire.testng.TestNGProvider.invoke(TestNGProvider.java:146)
	at org.apache.maven.surefire.booter.ForkedBooter.invokeProviderInSameClassLoader(ForkedBooter.java:384)
	at org.apache.maven.surefire.booter.ForkedBooter.runSuitesInProcess(ForkedBooter.java:345)
	at org.apache.maven.surefire.booter.ForkedBooter.execute(ForkedBooter.java:126)
	at org.apache.maven.surefire.booter.ForkedBooter.main(ForkedBooter.java:418)
</pre></div></td>
<td>10</td>
<td>com_TN_Frameeworkdesign.RegisterTest@5bcea91b</td></tr>
</table><p>
<table width='100%' border='1' class='invocation-passed'>
<tr><td colspan='4' align='center'><b>PASSED TESTS</b></td></tr>
<tr><td><b>Test method</b></td>
<td width="30%"><b>Exception</b></td>
<td width="10%"><b>Time (seconds)</b></td>
<td><b>Instance</b></td>
</tr>
<tr>
<td title='com_TN_Frameeworkdesign.LoginTest.verifyLoginTutorialninjaWithValidUserNameAndValidPassword()'><b>verifyLoginTutorialninjaWithValidUserNameAndValidPassword</b><br>Test class: com_TN_Frameeworkdesign.LoginTest</td>
<td></td>
<td>1</td>
<td>com_TN_Frameeworkdesign.LoginTest@3cb1ffe6</td></tr>
<tr>
<td title='com_TN_Frameeworkdesign.RegisterTest.verifyRegisterAccountWithForeignPhoneNumber()'><b>verifyRegisterAccountWithForeignPhoneNumber</b><br>Test class: com_TN_Frameeworkdesign.RegisterTest</td>
<td></td>
<td>1</td>
<td>com_TN_Frameeworkdesign.RegisterTest@5bcea91b</td></tr>
<tr>
<td title='com_TN_Frameeworkdesign.RegisterTest.verifyRegisterAccountUsingOnlyNumbersAsPassword()'><b>verifyRegisterAccountUsingOnlyNumbersAsPassword</b><br>Test class: com_TN_Frameeworkdesign.RegisterTest</td>
<td></td>
<td>1</td>
<td>com_TN_Frameeworkdesign.RegisterTest@5bcea91b</td></tr>
<tr>
<td title='com_TN_Frameeworkdesign.SearchProductTest.verifySearchingMacbookLaptopAfterUserLogin()'><b>verifySearchingMacbookLaptopAfterUserLogin</b><br>Test class: com_TN_Frameeworkdesign.SearchProductTest</td>
<td></td>
<td>7</td>
<td>com_TN_Frameeworkdesign.SearchProductTest@5f3a4b84</td></tr>
<tr>
<td title='com_TN_Frameeworkdesign.LoginTest.verifyLoginTutorialninjaWithEmptyUserNameAndvalidPassword()'><b>verifyLoginTutorialninjaWithEmptyUserNameAndvalidPassword</b><br>Test class: com_TN_Frameeworkdesign.LoginTest</td>
<td></td>
<td>0</td>
<td>com_TN_Frameeworkdesign.LoginTest@3cb1ffe6</td></tr>
<tr>
<td title='com_TN_Frameeworkdesign.SearchProductTest.verifySearchingDellLaptop()'><b>verifySearchingDellLaptop</b><br>Test class: com_TN_Frameeworkdesign.SearchProductTest</td>
<td></td>
<td>0</td>
<td>com_TN_Frameeworkdesign.SearchProductTest@5f3a4b84</td></tr>
<tr>
<td title='com_TN_Frameeworkdesign.RegisterTest.verifyRegisterAccountWithEmptyEmailTextbox()'><b>verifyRegisterAccountWithEmptyEmailTextbox</b><br>Test class: com_TN_Frameeworkdesign.RegisterTest</td>
<td></td>
<td>0</td>
<td>com_TN_Frameeworkdesign.RegisterTest@5bcea91b</td></tr>
<tr>
<td title='com_TN_Frameeworkdesign.LoginTest.verifyLoginTutorialninjaWithValidUserNameAndEmptyPassword()'><b>verifyLoginTutorialninjaWithValidUserNameAndEmptyPassword</b><br>Test class: com_TN_Frameeworkdesign.LoginTest</td>
<td></td>
<td>0</td>
<td>com_TN_Frameeworkdesign.LoginTest@3cb1ffe6</td></tr>
<tr>
<td title='com_TN_Frameeworkdesign.SearchProductTest.VerifySearchingMacBookLaptop()'><b>VerifySearchingMacBookLaptop</b><br>Test class: com_TN_Frameeworkdesign.SearchProductTest</td>
<td></td>
<td>0</td>
<td>com_TN_Frameeworkdesign.SearchProductTest@5f3a4b84</td></tr>
<tr>
<td title='com_TN_Frameeworkdesign.LoginTest.verifyLoginTutorialninjaWithvalidUserNameAndInvalidPassword()'><b>verifyLoginTutorialninjaWithvalidUserNameAndInvalidPassword</b><br>Test class: com_TN_Frameeworkdesign.LoginTest</td>
<td></td>
<td>0</td>
<td>com_TN_Frameeworkdesign.LoginTest@3cb1ffe6</td></tr>
<tr>
<td title='com_TN_Frameeworkdesign.RegisterTest.verifyRegisterAnAccountWithNewUserInfo()'><b>verifyRegisterAnAccountWithNewUserInfo</b><br>Test class: com_TN_Frameeworkdesign.RegisterTest</td>
<td></td>
<td>1</td>
<td>com_TN_Frameeworkdesign.RegisterTest@5bcea91b</td></tr>
<tr>
<td title='com_TN_Frameeworkdesign.RegisterTest.verifyRegisterAccountWithExistingUserInfo()'><b>verifyRegisterAccountWithExistingUserInfo</b><br>Test class: com_TN_Frameeworkdesign.RegisterTest</td>
<td></td>
<td>1</td>
<td>com_TN_Frameeworkdesign.RegisterTest@5bcea91b</td></tr>
<tr>
<td title='com_TN_Frameeworkdesign.LoginTest.verifyLoginTutorialninjaWithInvalidUserNameAndInvalidPassword()'><b>verifyLoginTutorialninjaWithInvalidUserNameAndInvalidPassword</b><br>Test class: com_TN_Frameeworkdesign.LoginTest</td>
<td></td>
<td>0</td>
<td>com_TN_Frameeworkdesign.LoginTest@3cb1ffe6</td></tr>
<tr>
<td title='com_TN_Frameeworkdesign.SearchProductTest.verifySearchingWithEmptyTextbox()'><b>verifySearchingWithEmptyTextbox</b><br>Test class: com_TN_Frameeworkdesign.SearchProductTest</td>
<td></td>
<td>0</td>
<td>com_TN_Frameeworkdesign.SearchProductTest@5f3a4b84</td></tr>
<tr>
<td title='com_TN_Frameeworkdesign.LoginTest.verifyLoginTutorialninjaWithInvalidUserNameAndvalidPassword()'><b>verifyLoginTutorialninjaWithInvalidUserNameAndvalidPassword</b><br>Test class: com_TN_Frameeworkdesign.LoginTest</td>
<td></td>
<td>0</td>
<td>com_TN_Frameeworkdesign.LoginTest@3cb1ffe6</td></tr>
</table><p>
</body>
</html>