<?xml version="1.0" encoding="UTF-8"?>
<!-- Generated by org.testng.reporters.JUnitXMLReporter -->
<testsuite hostname="Mr-Dell" ignored="0" name="Surefire test" tests="16" failures="1" timestamp="2023-04-20T23:54:27 EDT" time="140.195" errors="0">
  <testcase name="verifyLoginTutorialninjaWithValidUserNameAndValidPassword" time="1.183" classname="com_TN_Frameeworkdesign.LoginTest"/>
  <testcase name="verifyLoginTutorialninjaWithInvalidUserNameAndInvalidPassword" time="0.578" classname="com_TN_Frameeworkdesign.LoginTest"/>
  <testcase name="verifyLoginTutorialninjaWithvalidUserNameAndInvalidPassword" time="0.638" classname="com_TN_Frameeworkdesign.LoginTest"/>
  <testcase name="verifyLoginTutorialninjaWithInvalidUserNameAndvalidPassword" time="0.642" classname="com_TN_Frameeworkdesign.LoginTest"/>
  <testcase name="verifyLoginTutorialninjaWithEmptyUserNameAndvalidPassword" time="0.568" classname="com_TN_Frameeworkdesign.LoginTest"/>
  <testcase name="verifyLoginTutorialninjaWithValidUserNameAndEmptyPassword" time="0.563" classname="com_TN_Frameeworkdesign.LoginTest"/>
  <testcase name="verifyRegisterAnAccountWithNewUserInfo" time="1.433" classname="com_TN_Frameeworkdesign.RegisterTest"/>
  <testcase name="verifyRegisterAccountWithExistingUserInfo" time="1.062" classname="com_TN_Frameeworkdesign.RegisterTest"/>
  <testcase name="verifyRegisterAccountUsingOnlyNumbersAsPassword" time="1.504" classname="com_TN_Frameeworkdesign.RegisterTest"/>
  <testcase name="verifyRegisterAccountWithForeignPhoneNumber" time="1.254" classname="com_TN_Frameeworkdesign.RegisterTest"/>
  <testcase name="verifyRegisterAccountWithEmptyEmailTextbox" time="0.893" classname="com_TN_Frameeworkdesign.RegisterTest"/>
  <testcase name="verifyRegisterAccountWithEmptyPasswordTextbox" time="10.947" classname="com_TN_Frameeworkdesign.RegisterTest">
    <failure type="org.openqa.selenium.NoSuchElementException" message="no such element: Unable to locate element: {&amp;quot;method&amp;quot;:&amp;quot;xpath&amp;quot;,&amp;quot;selector&amp;quot;:&amp;quot;//*[@id=&amp;quot;account&amp;quot;]/div[4]/div/div&amp;quot;}
  (Session info: chrome=111.0.5563.149)
For documentation on this error, please visit: https://selenium.dev/exceptions/#no_such_element
Build info: version: &amp;apos;4.7.2&amp;apos;, revision: &amp;apos;4d4020c3b7&amp;apos;
System info: os.name: &amp;apos;Windows 11&amp;apos;, os.arch: &amp;apos;amd64&amp;apos;, os.version: &amp;apos;10.0&amp;apos;, java.version: &amp;apos;1.8.0_341&amp;apos;
Driver info: org.openqa.selenium.chrome.ChromeDriver
Command: [d7663bc35b2f361d0e42c78e4995233a, findElement {using=xpath, value=//*[@id=&amp;quot;account&amp;quot;]/div[4]/div/div}]
Capabilities {acceptInsecureCerts: false, browserName: chrome, browserVersion: 111.0.5563.149, chrome: {chromedriverVersion: 111.0.5563.64 (c710e93d5b63..., userDataDir: C:\Users\medbo\AppData\Loca...}, goog:chromeOptions: {debuggerAddress: localhost:59952}, networkConnectionEnabled: false, pageLoadStrategy: normal, platformName: WINDOWS, proxy: Proxy(), se:cdp: ws://localhost:59952/devtoo..., se:cdpVersion: 111.0.5563.149, setWindowRect: true, strictFileInteractability: false, timeouts: {implicit: 0, pageLoad: 300000, script: 30000}, unhandledPromptBehavior: dismiss and notify, webauthn:extension:credBlob: true, webauthn:extension:largeBlob: true, webauthn:extension:minPinLength: true, webauthn:extension:prf: true, webauthn:virtualAuthenticators: true}
Session ID: d7663bc35b2f361d0e42c78e4995233a">
      <![CDATA[org.openqa.selenium.NoSuchElementException: no such element: Unable to locate element: {"method":"xpath","selector":"//*[@id="account"]/div[4]/div/div"}
  (Session info: chrome=111.0.5563.149)
For documentation on this error, please visit: https://selenium.dev/exceptions/#no_such_element
Build info: version: '4.7.2', revision: '4d4020c3b7'
System info: os.name: 'Windows 11', os.arch: 'amd64', os.version: '10.0', java.version: '1.8.0_341'
Driver info: org.openqa.selenium.chrome.ChromeDriver
Command: [d7663bc35b2f361d0e42c78e4995233a, findElement {using=xpath, value=//*[@id="account"]/div[4]/div/div}]
Capabilities {acceptInsecureCerts: false, browserName: chrome, browserVersion: 111.0.5563.149, chrome: {chromedriverVersion: 111.0.5563.64 (c710e93d5b63..., userDataDir: C:\Users\medbo\AppData\Loca...}, goog:chromeOptions: {debuggerAddress: localhost:59952}, networkConnectionEnabled: false, pageLoadStrategy: normal, platformName: WINDOWS, proxy: Proxy(), se:cdp: ws://localhost:59952/devtoo..., se:cdpVersion: 111.0.5563.149, setWindowRect: true, strictFileInteractability: false, timeouts: {implicit: 0, pageLoad: 300000, script: 30000}, unhandledPromptBehavior: dismiss and notify, webauthn:extension:credBlob: true, webauthn:extension:largeBlob: true, webauthn:extension:minPinLength: true, webauthn:extension:prf: true, webauthn:virtualAuthenticators: true}
Session ID: d7663bc35b2f361d0e42c78e4995233a
at org.openqa.selenium.remote.codec.w3c.W3CHttpResponseCodec.createException(W3CHttpResponseCodec.java:200)
at org.openqa.selenium.remote.codec.w3c.W3CHttpResponseCodec.decode(W3CHttpResponseCodec.java:133)
at org.openqa.selenium.remote.codec.w3c.W3CHttpResponseCodec.decode(W3CHttpResponseCodec.java:53)
at org.openqa.selenium.remote.HttpCommandExecutor.execute(HttpCommandExecutor.java:184)
at org.openqa.selenium.remote.service.DriverCommandExecutor.invokeExecute(DriverCommandExecutor.java:167)
at org.openqa.selenium.remote.service.DriverCommandExecutor.execute(DriverCommandExecutor.java:142)
at org.openqa.selenium.remote.RemoteWebDriver.execute(RemoteWebDriver.java:535)
at org.openqa.selenium.remote.ElementLocation$ElementFinder$2.findElement(ElementLocation.java:162)
at org.openqa.selenium.remote.ElementLocation.findElement(ElementLocation.java:60)
at org.openqa.selenium.remote.RemoteWebDriver.findElement(RemoteWebDriver.java:351)
at org.openqa.selenium.remote.RemoteWebDriver.findElement(RemoteWebDriver.java:343)
at com_TN_Frameeworkdesign.RegisterTest.verifyRegisterAccountWithEmptyPasswordTextbox(RegisterTest.java:110)
at java.util.ArrayList.forEach(ArrayList.java:1259)
... Removed 36 stack frames]]>
    </failure>
  </testcase> <!-- verifyRegisterAccountWithEmptyPasswordTextbox -->
  <testcase name="VerifySearchingMacBookLaptop" time="0.92" classname="com_TN_Frameeworkdesign.SearchProductTest"/>
  <testcase name="verifySearchingDellLaptop" time="0.516" classname="com_TN_Frameeworkdesign.SearchProductTest"/>
  <testcase name="verifySearchingWithEmptyTextbox" time="0.484" classname="com_TN_Frameeworkdesign.SearchProductTest"/>
  <testcase name="verifySearchingMacbookLaptopAfterUserLogin" time="7.298" classname="com_TN_Frameeworkdesign.SearchProductTest"/>
</testsuite> <!-- Surefire test -->
